2021-04-24 09:28:13,503 ERROR com.aitrades.blockchain.eth.gateway.rest.OrderHistoryController [http-nio-8080-exec-2] validation occured for history request 
2021-04-24 09:28:14,086 ERROR com.aitrades.blockchain.eth.gateway.web3j.EthereumDexContract [http-nio-8080-exec-2] exception occurred for getBalance order/snipe id =66CFF5A0A50011EBA2591818B6B9E1D5, owner=0xF007afdB97c3744762F953C07CD45Dd237663C3F, contractAddress=0x82eb29d3eb0719af341f6b18c0d9d749c0cd16b6, route=PANCAKE, exception=header not found
2021-04-24 09:28:14,993 ERROR com.aitrades.blockchain.eth.gateway.rest.OrderHistoryController [http-nio-8080-exec-3] validation occured for history request 
2021-04-24 09:28:15,207 ERROR com.aitrades.blockchain.eth.gateway.web3j.EthereumDexContract [http-nio-8080-exec-3] exception occurred for getBalance order/snipe id =66CFF5A0A50011EBA2591818B6B9E1D5, owner=0xF007afdB97c3744762F953C07CD45Dd237663C3F, contractAddress=0x82eb29d3eb0719af341f6b18c0d9d749c0cd16b6, route=PANCAKE, exception=header not found
2021-04-24 09:28:23,434 ERROR com.aitrades.blockchain.eth.gateway.rest.OrderHistoryController [http-nio-8080-exec-8] validation occured for history request 
2021-04-24 09:28:23,604 ERROR com.aitrades.blockchain.eth.gateway.web3j.EthereumDexContract [http-nio-8080-exec-8] exception occurred for getBalance order/snipe id =66CFF5A0A50011EBA2591818B6B9E1D5, owner=0xF007afdB97c3744762F953C07CD45Dd237663C3F, contractAddress=0x82eb29d3eb0719af341f6b18c0d9d749c0cd16b6, route=PANCAKE, exception=header not found
2021-04-24 09:28:51,369 INFO com.aitrades.blockchain.eth.gateway.rest.SnipeOrderController [http-nio-8080-exec-5] New Order id->
2021-04-24 09:28:51,369 INFO com.aitrades.blockchain.eth.gateway.service.SnipeOrderMutator [http-nio-8080-exec-5] in snipeorder mutator
2021-04-24 09:28:51,370 INFO com.aitrades.blockchain.eth.gateway.service.SnipeOrderProcessor [http-nio-8080-exec-5] in SnipeOrderProcessor mutator
2021-04-24 09:28:52,394 INFO com.aitrades.blockchain.eth.gateway.integration.snipe.SnipeOrderGatewayEndpoint [task-scheduler-6] started processing addSnipeOrderToRabbitMq
2021-04-24 09:28:52,396 INFO com.aitrades.blockchain.eth.gateway.integration.snipe.SnipeOrderGatewayEndpoint [task-scheduler-6] started processing addSnipeOrderToRabbitMq for snipeorder id=0218EB70A50111EB805A3BB9AC8C0F09
2021-04-24 09:28:52,396 INFO com.aitrades.blockchain.eth.gateway.integration.snipe.SnipeOrderGatewayEndpoint [task-scheduler-6] Sending order to snipe downstreams id=0218EB70A50111EB805A3BB9AC8C0F09
2021-04-24 09:28:52,396 INFO com.aitrades.blockchain.eth.gateway.integration.snipe.SnipeOrderGatewayEndpoint [task-scheduler-6] started processing sendOrderToSnipe
2021-04-24 09:28:52,480 INFO com.aitrades.blockchain.eth.gateway.mq.RabbitMQSnipeOrderSender [task-scheduler-6] sniperorder sent to queue succesfully
2021-04-24 09:28:52,797 ERROR com.aitrades.blockchain.eth.gateway.rest.OrderHistoryController [http-nio-8080-exec-9] validation occured for history request 
2021-04-24 09:28:53,011 ERROR com.aitrades.blockchain.eth.gateway.web3j.EthereumDexContract [http-nio-8080-exec-9] exception occurred for getBalance order/snipe id =66CFF5A0A50011EBA2591818B6B9E1D5, owner=0xF007afdB97c3744762F953C07CD45Dd237663C3F, contractAddress=0x82eb29d3eb0719af341f6b18c0d9d749c0cd16b6, route=PANCAKE, exception=header not found
2021-04-24 09:30:09,698 INFO com.aitrades.blockchain.eth.gateway.rest.SnipeOrderController [http-nio-8080-exec-4] New Order id->
2021-04-24 09:30:09,699 INFO com.aitrades.blockchain.eth.gateway.service.SnipeOrderMutator [http-nio-8080-exec-4] in snipeorder mutator
2021-04-24 09:30:09,699 INFO com.aitrades.blockchain.eth.gateway.service.SnipeOrderProcessor [http-nio-8080-exec-4] in SnipeOrderProcessor mutator
2021-04-24 09:30:10,630 INFO com.aitrades.blockchain.eth.gateway.integration.snipe.SnipeOrderGatewayEndpoint [task-scheduler-3] started processing addSnipeOrderToRabbitMq
2021-04-24 09:30:10,631 INFO com.aitrades.blockchain.eth.gateway.integration.snipe.SnipeOrderGatewayEndpoint [task-scheduler-3] started processing addSnipeOrderToRabbitMq for snipeorder id=30C94820A50111EB805A3BB9AC8C0F09
2021-04-24 09:30:10,631 INFO com.aitrades.blockchain.eth.gateway.integration.snipe.SnipeOrderGatewayEndpoint [task-scheduler-3] Sending order to snipe downstreams id=30C94820A50111EB805A3BB9AC8C0F09
2021-04-24 09:30:10,631 INFO com.aitrades.blockchain.eth.gateway.integration.snipe.SnipeOrderGatewayEndpoint [task-scheduler-3] started processing sendOrderToSnipe
2021-04-24 09:30:10,635 INFO com.aitrades.blockchain.eth.gateway.mq.RabbitMQSnipeOrderSender [task-scheduler-3] sniperorder sent to queue succesfully
2021-04-24 09:30:11,215 ERROR com.aitrades.blockchain.eth.gateway.rest.OrderHistoryController [http-nio-8080-exec-2] validation occured for history request 
2021-04-24 09:30:11,487 ERROR com.aitrades.blockchain.eth.gateway.web3j.EthereumDexContract [http-nio-8080-exec-2] exception occurred for getBalance order/snipe id =66CFF5A0A50011EBA2591818B6B9E1D5, owner=0xF007afdB97c3744762F953C07CD45Dd237663C3F, contractAddress=0x82eb29d3eb0719af341f6b18c0d9d749c0cd16b6, route=PANCAKE, exception=header not found
2021-04-24 09:30:14,281 ERROR com.aitrades.blockchain.eth.gateway.rest.OrderHistoryController [http-nio-8080-exec-3] validation occured for history request 
2021-04-24 09:30:15,061 ERROR com.aitrades.blockchain.eth.gateway.web3j.EthereumDexContract [http-nio-8080-exec-3] exception occurred for getBalance order/snipe id =66CFF5A0A50011EBA2591818B6B9E1D5, owner=0xF007afdB97c3744762F953C07CD45Dd237663C3F, contractAddress=0x82eb29d3eb0719af341f6b18c0d9d749c0cd16b6, route=PANCAKE, exception=header not found
2021-04-24 09:30:15,824 ERROR com.aitrades.blockchain.eth.gateway.rest.OrderHistoryController [http-nio-8080-exec-7] validation occured for history request 
2021-04-24 09:30:16,020 ERROR com.aitrades.blockchain.eth.gateway.web3j.EthereumDexContract [http-nio-8080-exec-7] exception occurred for getBalance order/snipe id =66CFF5A0A50011EBA2591818B6B9E1D5, owner=0xF007afdB97c3744762F953C07CD45Dd237663C3F, contractAddress=0x82eb29d3eb0719af341f6b18c0d9d749c0cd16b6, route=PANCAKE, exception=header not found
2021-04-24 09:32:17,434 INFO com.aitrades.blockchain.eth.gateway.rest.SnipeOrderController [http-nio-8080-exec-9] New Order id->
2021-04-24 09:32:17,434 INFO com.aitrades.blockchain.eth.gateway.service.SnipeOrderMutator [http-nio-8080-exec-9] in snipeorder mutator
2021-04-24 09:32:17,434 INFO com.aitrades.blockchain.eth.gateway.service.SnipeOrderProcessor [http-nio-8080-exec-9] in SnipeOrderProcessor mutator
2021-04-24 09:32:17,881 INFO com.aitrades.blockchain.eth.gateway.integration.snipe.SnipeOrderGatewayEndpoint [task-scheduler-10] started processing addSnipeOrderToRabbitMq
2021-04-24 09:32:17,881 INFO com.aitrades.blockchain.eth.gateway.integration.snipe.SnipeOrderGatewayEndpoint [task-scheduler-10] started processing addSnipeOrderToRabbitMq for snipeorder id=7CEC3FA0A50111EB805A3BB9AC8C0F09
2021-04-24 09:32:17,881 INFO com.aitrades.blockchain.eth.gateway.integration.snipe.SnipeOrderGatewayEndpoint [task-scheduler-10] Sending order to snipe downstreams id=7CEC3FA0A50111EB805A3BB9AC8C0F09
2021-04-24 09:32:17,881 INFO com.aitrades.blockchain.eth.gateway.integration.snipe.SnipeOrderGatewayEndpoint [task-scheduler-10] started processing sendOrderToSnipe
2021-04-24 09:32:17,885 INFO com.aitrades.blockchain.eth.gateway.mq.RabbitMQSnipeOrderSender [task-scheduler-10] sniperorder sent to queue succesfully
2021-04-24 09:32:18,428 ERROR com.aitrades.blockchain.eth.gateway.rest.OrderHistoryController [http-nio-8080-exec-10] validation occured for history request 
2021-04-24 09:32:18,588 ERROR com.aitrades.blockchain.eth.gateway.web3j.EthereumDexContract [http-nio-8080-exec-10] exception occurred for getBalance order/snipe id =66CFF5A0A50011EBA2591818B6B9E1D5, owner=0xF007afdB97c3744762F953C07CD45Dd237663C3F, contractAddress=0x82eb29d3eb0719af341f6b18c0d9d749c0cd16b6, route=PANCAKE, exception=header not found
2021-04-24 09:32:25,621 ERROR com.aitrades.blockchain.eth.gateway.rest.OrderHistoryController [http-nio-8080-exec-6] validation occured for history request 
2021-04-24 09:32:25,768 ERROR com.aitrades.blockchain.eth.gateway.web3j.EthereumDexContract [http-nio-8080-exec-6] exception occurred for getBalance order/snipe id =66CFF5A0A50011EBA2591818B6B9E1D5, owner=0xF007afdB97c3744762F953C07CD45Dd237663C3F, contractAddress=0x82eb29d3eb0719af341f6b18c0d9d749c0cd16b6, route=PANCAKE, exception=header not found
2021-04-24 09:32:44,435 ERROR com.aitrades.blockchain.eth.gateway.rest.OrderHistoryController [http-nio-8080-exec-1] validation occured for history request 
2021-04-24 09:32:44,588 ERROR com.aitrades.blockchain.eth.gateway.web3j.EthereumDexContract [http-nio-8080-exec-1] exception occurred for getBalance order/snipe id =66CFF5A0A50011EBA2591818B6B9E1D5, owner=0xF007afdB97c3744762F953C07CD45Dd237663C3F, contractAddress=0x82eb29d3eb0719af341f6b18c0d9d749c0cd16b6, route=PANCAKE, exception=header not found
2021-04-24 09:32:52,360 ERROR com.aitrades.blockchain.eth.gateway.rest.OrderHistoryController [http-nio-8080-exec-4] validation occured for history request 
2021-04-24 09:32:52,654 ERROR com.aitrades.blockchain.eth.gateway.web3j.EthereumDexContract [http-nio-8080-exec-4] exception occurred for getBalance order/snipe id =66CFF5A0A50011EBA2591818B6B9E1D5, owner=0xF007afdB97c3744762F953C07CD45Dd237663C3F, contractAddress=0x82eb29d3eb0719af341f6b18c0d9d749c0cd16b6, route=PANCAKE, exception=header not found
2021-04-24 09:32:53,241 ERROR com.aitrades.blockchain.eth.gateway.web3j.EthereumDexContract [http-nio-8080-exec-4] exception occurred for getBalance order/snipe id =0218EB70A50111EB805A3BB9AC8C0F09, owner=0xF007afdB97c3744762F953C07CD45Dd237663C3F, contractAddress=0x82EB29D3Eb0719aF341f6b18C0d9D749c0Cd16b6, route=PANCAKE, exception=header not found
2021-04-24 09:32:53,914 ERROR com.aitrades.blockchain.eth.gateway.rest.OrderHistoryController [http-nio-8080-exec-2] validation occured for history request 
2021-04-24 09:32:54,142 ERROR com.aitrades.blockchain.eth.gateway.web3j.EthereumDexContract [http-nio-8080-exec-2] exception occurred for getBalance order/snipe id =66CFF5A0A50011EBA2591818B6B9E1D5, owner=0xF007afdB97c3744762F953C07CD45Dd237663C3F, contractAddress=0x82eb29d3eb0719af341f6b18c0d9d749c0cd16b6, route=PANCAKE, exception=header not found
2021-04-24 09:32:54,295 ERROR com.aitrades.blockchain.eth.gateway.web3j.EthereumDexContract [http-nio-8080-exec-2] exception occurred for getBalance order/snipe id =0218EB70A50111EB805A3BB9AC8C0F09, owner=0xF007afdB97c3744762F953C07CD45Dd237663C3F, contractAddress=0x82EB29D3Eb0719aF341f6b18C0d9D749c0Cd16b6, route=PANCAKE, exception=header not found
2021-04-24 09:32:54,945 ERROR com.aitrades.blockchain.eth.gateway.rest.OrderHistoryController [http-nio-8080-exec-3] validation occured for history request 
2021-04-24 09:32:55,091 ERROR com.aitrades.blockchain.eth.gateway.web3j.EthereumDexContract [http-nio-8080-exec-3] exception occurred for getBalance order/snipe id =66CFF5A0A50011EBA2591818B6B9E1D5, owner=0xF007afdB97c3744762F953C07CD45Dd237663C3F, contractAddress=0x82eb29d3eb0719af341f6b18c0d9d749c0cd16b6, route=PANCAKE, exception=header not found
2021-04-24 09:32:55,294 ERROR com.aitrades.blockchain.eth.gateway.web3j.EthereumDexContract [http-nio-8080-exec-3] exception occurred for getBalance order/snipe id =0218EB70A50111EB805A3BB9AC8C0F09, owner=0xF007afdB97c3744762F953C07CD45Dd237663C3F, contractAddress=0x82EB29D3Eb0719aF341f6b18C0d9D749c0Cd16b6, route=PANCAKE, exception=header not found
2021-04-24 09:32:55,878 ERROR com.aitrades.blockchain.eth.gateway.rest.OrderHistoryController [http-nio-8080-exec-7] validation occured for history request 
2021-04-24 09:32:56,107 ERROR com.aitrades.blockchain.eth.gateway.web3j.EthereumDexContract [http-nio-8080-exec-7] exception occurred for getBalance order/snipe id =66CFF5A0A50011EBA2591818B6B9E1D5, owner=0xF007afdB97c3744762F953C07CD45Dd237663C3F, contractAddress=0x82eb29d3eb0719af341f6b18c0d9d749c0cd16b6, route=PANCAKE, exception=header not found
2021-04-24 09:32:56,683 ERROR com.aitrades.blockchain.eth.gateway.web3j.EthereumDexContract [http-nio-8080-exec-7] exception occurred for getBalance order/snipe id =0218EB70A50111EB805A3BB9AC8C0F09, owner=0xF007afdB97c3744762F953C07CD45Dd237663C3F, contractAddress=0x82EB29D3Eb0719aF341f6b18C0d9D749c0Cd16b6, route=PANCAKE, exception=header not found
2021-04-24 09:33:01,768 ERROR com.aitrades.blockchain.eth.gateway.rest.OrderHistoryController [http-nio-8080-exec-8] validation occured for history request 
2021-04-24 09:35:16,738 ERROR com.aitrades.blockchain.eth.gateway.rest.OrderHistoryController [http-nio-8080-exec-10] validation occured for history request 
2021-04-24 09:35:54,663 ERROR com.aitrades.blockchain.eth.gateway.rest.OrderHistoryController [http-nio-8080-exec-6] validation occured for history request 
2021-04-24 09:35:56,619 INFO com.aitrades.blockchain.eth.gateway.rest.SnipeOrderController [http-nio-8080-exec-1] New Order id->
2021-04-24 09:35:56,619 INFO com.aitrades.blockchain.eth.gateway.service.SnipeOrderMutator [http-nio-8080-exec-1] in snipeorder mutator
2021-04-24 09:35:56,620 INFO com.aitrades.blockchain.eth.gateway.service.SnipeOrderProcessor [http-nio-8080-exec-1] in SnipeOrderProcessor mutator
2021-04-24 09:35:57,251 INFO com.aitrades.blockchain.eth.gateway.integration.snipe.SnipeOrderGatewayEndpoint [task-scheduler-4] started processing addSnipeOrderToRabbitMq
2021-04-24 09:35:57,251 INFO com.aitrades.blockchain.eth.gateway.integration.snipe.SnipeOrderGatewayEndpoint [task-scheduler-4] started processing addSnipeOrderToRabbitMq for snipeorder id=FF9139B0A50111EB805A3BB9AC8C0F09
2021-04-24 09:35:57,251 INFO com.aitrades.blockchain.eth.gateway.integration.snipe.SnipeOrderGatewayEndpoint [task-scheduler-4] Sending order to snipe downstreams id=FF9139B0A50111EB805A3BB9AC8C0F09
2021-04-24 09:35:57,251 INFO com.aitrades.blockchain.eth.gateway.integration.snipe.SnipeOrderGatewayEndpoint [task-scheduler-4] started processing sendOrderToSnipe
2021-04-24 09:35:57,255 INFO com.aitrades.blockchain.eth.gateway.mq.RabbitMQSnipeOrderSender [task-scheduler-4] sniperorder sent to queue succesfully
2021-04-24 09:35:57,582 ERROR com.aitrades.blockchain.eth.gateway.rest.OrderHistoryController [http-nio-8080-exec-4] validation occured for history request 
2021-04-24 10:32:54,577 INFO com.aitrades.blockchain.eth.gateway.Application [main] Starting Application using Java 11.0.10 on JayMSI with PID 20436 (C:\Users\jay\Desktop\Sreelekha_Documents\New folder\com.blockchain.bot\com.aitrades.blockchain.eth.gateway\target\classes started by jay in C:\Users\jay\Desktop\Sreelekha_Documents\New folder\com.blockchain.bot\com.aitrades.blockchain.eth.gateway)
2021-04-24 10:32:54,582 DEBUG com.aitrades.blockchain.eth.gateway.Application [main] Running with Spring Boot v2.4.2, Spring v5.3.3
2021-04-24 10:32:54,583 INFO com.aitrades.blockchain.eth.gateway.Application [main] No active profile set, falling back to default profiles: default
2021-04-24 10:33:00,620 INFO com.aitrades.blockchain.eth.gateway.Application [main] Started Application in 6.413 seconds (JVM running for 7.842)
2021-04-24 10:34:00,246 ERROR com.aitrades.blockchain.eth.gateway.rest.OrderHistoryController [http-nio-8080-exec-1] validation occured for history request 
2021-04-24 10:34:13,144 ERROR com.aitrades.blockchain.eth.gateway.rest.OrderHistoryController [http-nio-8080-exec-2] validation occured for history request 
2021-04-24 10:34:15,527 INFO com.aitrades.blockchain.eth.gateway.rest.SnipeOrderController [http-nio-8080-exec-5] New Order id->
2021-04-24 10:34:15,527 INFO com.aitrades.blockchain.eth.gateway.service.SnipeOrderMutator [http-nio-8080-exec-5] in snipeorder mutator
2021-04-24 10:34:23,442 INFO com.aitrades.blockchain.eth.gateway.service.SnipeOrderProcessor [http-nio-8080-exec-5] in SnipeOrderProcessor mutator
2021-04-24 10:34:23,660 INFO com.aitrades.blockchain.eth.gateway.integration.snipe.SnipeOrderGatewayEndpoint [task-scheduler-2] started processing addSnipeOrderToRabbitMq
2021-04-24 10:34:23,662 INFO com.aitrades.blockchain.eth.gateway.integration.snipe.SnipeOrderGatewayEndpoint [task-scheduler-2] started processing addSnipeOrderToRabbitMq for snipeorder id=2513E950A50A11EB869AA3AE6254E473
2021-04-24 10:34:23,662 INFO com.aitrades.blockchain.eth.gateway.integration.snipe.SnipeOrderGatewayEndpoint [task-scheduler-2] Sending order to snipe downstreams id=2513E950A50A11EB869AA3AE6254E473
2021-04-24 10:34:23,662 INFO com.aitrades.blockchain.eth.gateway.integration.snipe.SnipeOrderGatewayEndpoint [task-scheduler-2] started processing sendOrderToSnipe
2021-04-24 10:34:23,779 INFO com.aitrades.blockchain.eth.gateway.mq.RabbitMQSnipeOrderSender [task-scheduler-2] sniperorder sent to queue succesfully
2021-04-24 10:36:35,095 ERROR com.aitrades.blockchain.eth.gateway.rest.OrderHistoryController [http-nio-8080-exec-7] validation occured for history request 
2021-04-24 10:40:01,100 ERROR com.aitrades.blockchain.eth.gateway.rest.OrderHistoryController [http-nio-8080-exec-10] validation occured for history request 
2021-04-24 10:40:01,274 ERROR com.aitrades.blockchain.eth.gateway.web3j.EthereumDexContract [http-nio-8080-exec-10] exception occurred for getBalance order/snipe id =2513E950A50A11EB869AA3AE6254E473, owner=0xF007afdB97c3744762F953C07CD45Dd237663C3F, contractAddress=0x82eb29d3eb0719af341f6b18c0d9d749c0cd16b6, route=PANCAKE, exception=header not found
2021-04-24 10:40:04,611 INFO com.aitrades.blockchain.eth.gateway.rest.SnipeOrderController [http-nio-8080-exec-8] New Order id->
2021-04-24 10:40:04,611 INFO com.aitrades.blockchain.eth.gateway.service.SnipeOrderMutator [http-nio-8080-exec-8] in snipeorder mutator
2021-04-24 10:40:07,853 INFO com.aitrades.blockchain.eth.gateway.service.SnipeOrderProcessor [http-nio-8080-exec-8] in SnipeOrderProcessor mutator
2021-04-24 10:40:08,440 INFO com.aitrades.blockchain.eth.gateway.integration.snipe.SnipeOrderGatewayEndpoint [task-scheduler-9] started processing addSnipeOrderToRabbitMq
2021-04-24 10:40:08,440 INFO com.aitrades.blockchain.eth.gateway.integration.snipe.SnipeOrderGatewayEndpoint [task-scheduler-9] started processing addSnipeOrderToRabbitMq for snipeorder id=F5263530A50A11EB869AA3AE6254E473
2021-04-24 10:40:08,441 INFO com.aitrades.blockchain.eth.gateway.integration.snipe.SnipeOrderGatewayEndpoint [task-scheduler-9] Sending order to snipe downstreams id=F5263530A50A11EB869AA3AE6254E473
2021-04-24 10:40:08,441 INFO com.aitrades.blockchain.eth.gateway.integration.snipe.SnipeOrderGatewayEndpoint [task-scheduler-9] started processing sendOrderToSnipe
2021-04-24 10:40:08,445 INFO com.aitrades.blockchain.eth.gateway.mq.RabbitMQSnipeOrderSender [task-scheduler-9] sniperorder sent to queue succesfully
2021-04-24 10:40:14,495 ERROR com.aitrades.blockchain.eth.gateway.rest.OrderHistoryController [http-nio-8080-exec-9] validation occured for history request 
2021-04-24 10:40:14,615 ERROR com.aitrades.blockchain.eth.gateway.web3j.EthereumDexContract [http-nio-8080-exec-9] exception occurred for getBalance order/snipe id =2513E950A50A11EB869AA3AE6254E473, owner=0xF007afdB97c3744762F953C07CD45Dd237663C3F, contractAddress=0x82eb29d3eb0719af341f6b18c0d9d749c0cd16b6, route=PANCAKE, exception=header not found
2021-04-24 11:18:51,453 INFO com.aitrades.blockchain.eth.gateway.Application [main] Starting Application using Java 11.0.10 on JayMSI with PID 9240 (C:\Users\jay\Desktop\Sreelekha_Documents\New folder\com.blockchain.bot\com.aitrades.blockchain.eth.gateway\target\classes started by jay in C:\Users\jay\Desktop\Sreelekha_Documents\New folder\com.blockchain.bot\com.aitrades.blockchain.eth.gateway)
2021-04-24 11:18:51,457 DEBUG com.aitrades.blockchain.eth.gateway.Application [main] Running with Spring Boot v2.4.2, Spring v5.3.3
2021-04-24 11:18:51,458 INFO com.aitrades.blockchain.eth.gateway.Application [main] No active profile set, falling back to default profiles: default
2021-04-24 11:18:56,435 INFO com.aitrades.blockchain.eth.gateway.Application [main] Started Application in 5.32 seconds (JVM running for 6.673)
2021-04-24 11:18:58,150 ERROR com.aitrades.blockchain.eth.gateway.rest.OrderHistoryController [http-nio-8080-exec-1] validation occured for history request 
2021-04-24 11:18:58,744 ERROR com.aitrades.blockchain.eth.gateway.web3j.EthereumDexContract [http-nio-8080-exec-1] exception occurred for getBalance order/snipe id =2513E950A50A11EB869AA3AE6254E473, owner=0xF007afdB97c3744762F953C07CD45Dd237663C3F, contractAddress=0x82eb29d3eb0719af341f6b18c0d9d749c0cd16b6, route=PANCAKE, exception=header not found
2021-04-24 11:18:58,871 ERROR com.aitrades.blockchain.eth.gateway.web3j.EthereumDexContract [http-nio-8080-exec-1] exception occurred for getBalance order/snipe id =F5263530A50A11EB869AA3AE6254E473, owner=0xF007afdB97c3744762F953C07CD45Dd237663C3F, contractAddress=0x82eb29d3eb0719af341f6b18c0d9d749c0cd16b6, route=PANCAKE, exception=header not found
2021-04-24 11:19:02,358 ERROR com.aitrades.blockchain.eth.gateway.rest.OrderHistoryController [http-nio-8080-exec-2] validation occured for history request 
2021-04-24 11:19:02,466 ERROR com.aitrades.blockchain.eth.gateway.web3j.EthereumDexContract [http-nio-8080-exec-2] exception occurred for getBalance order/snipe id =2513E950A50A11EB869AA3AE6254E473, owner=0xF007afdB97c3744762F953C07CD45Dd237663C3F, contractAddress=0x82eb29d3eb0719af341f6b18c0d9d749c0cd16b6, route=PANCAKE, exception=header not found
2021-04-24 11:19:02,609 ERROR com.aitrades.blockchain.eth.gateway.web3j.EthereumDexContract [http-nio-8080-exec-2] exception occurred for getBalance order/snipe id =F5263530A50A11EB869AA3AE6254E473, owner=0xF007afdB97c3744762F953C07CD45Dd237663C3F, contractAddress=0x82eb29d3eb0719af341f6b18c0d9d749c0cd16b6, route=PANCAKE, exception=header not found
2021-04-24 11:20:23,752 INFO com.aitrades.blockchain.eth.gateway.Application [main] Starting Application using Java 11.0.10 on JayMSI with PID 12916 (C:\Users\jay\Desktop\Sreelekha_Documents\New folder\com.blockchain.bot\com.aitrades.blockchain.eth.gateway\target\classes started by jay in C:\Users\jay\Desktop\Sreelekha_Documents\New folder\com.blockchain.bot\com.aitrades.blockchain.eth.gateway)
2021-04-24 11:20:23,756 DEBUG com.aitrades.blockchain.eth.gateway.Application [main] Running with Spring Boot v2.4.2, Spring v5.3.3
2021-04-24 11:20:23,757 INFO com.aitrades.blockchain.eth.gateway.Application [main] No active profile set, falling back to default profiles: default
2021-04-24 11:20:28,718 INFO com.aitrades.blockchain.eth.gateway.Application [main] Started Application in 5.283 seconds (JVM running for 6.587)
2021-04-24 11:20:39,087 ERROR com.aitrades.blockchain.eth.gateway.rest.OrderHistoryController [http-nio-8080-exec-1] validation occured for history request 
2021-04-24 11:20:39,727 ERROR com.aitrades.blockchain.eth.gateway.web3j.EthereumDexContract [http-nio-8080-exec-1] exception occurred for getBalance order/snipe id =2513E950A50A11EB869AA3AE6254E473, owner=0xF007afdB97c3744762F953C07CD45Dd237663C3F, contractAddress=0x82eb29d3eb0719af341f6b18c0d9d749c0cd16b6, route=PANCAKE, exception=header not found
2021-04-24 11:20:40,140 ERROR com.aitrades.blockchain.eth.gateway.web3j.EthereumDexContract [http-nio-8080-exec-1] exception occurred for getBalance order/snipe id =F5263530A50A11EB869AA3AE6254E473, owner=0xF007afdB97c3744762F953C07CD45Dd237663C3F, contractAddress=0x82eb29d3eb0719af341f6b18c0d9d749c0cd16b6, route=PANCAKE, exception=header not found
2021-04-24 11:20:50,964 ERROR com.aitrades.blockchain.eth.gateway.rest.OrderHistoryController [http-nio-8080-exec-2] validation occured for history request 
2021-04-24 11:20:51,350 ERROR com.aitrades.blockchain.eth.gateway.web3j.EthereumDexContract [http-nio-8080-exec-2] exception occurred for getBalance order/snipe id =2513E950A50A11EB869AA3AE6254E473, owner=0xF007afdB97c3744762F953C07CD45Dd237663C3F, contractAddress=0x82eb29d3eb0719af341f6b18c0d9d749c0cd16b6, route=PANCAKE, exception=header not found
2021-04-24 11:20:51,521 ERROR com.aitrades.blockchain.eth.gateway.web3j.EthereumDexContract [http-nio-8080-exec-2] exception occurred for getBalance order/snipe id =F5263530A50A11EB869AA3AE6254E473, owner=0xF007afdB97c3744762F953C07CD45Dd237663C3F, contractAddress=0x82eb29d3eb0719af341f6b18c0d9d749c0cd16b6, route=PANCAKE, exception=header not found
2021-04-24 11:21:36,964 ERROR com.aitrades.blockchain.eth.gateway.rest.OrderHistoryController [http-nio-8080-exec-4] validation occured for history request 
2021-04-24 11:21:42,398 ERROR com.aitrades.blockchain.eth.gateway.web3j.EthereumDexContract [http-nio-8080-exec-4] exception occurred for getBalance order/snipe id =2513E950A50A11EB869AA3AE6254E473, owner=0xF007afdB97c3744762F953C07CD45Dd237663C3F, contractAddress=0x82eb29d3eb0719af341f6b18c0d9d749c0cd16b6, route=PANCAKE, exception=header not found
2021-04-24 11:22:13,423 ERROR com.aitrades.blockchain.eth.gateway.web3j.EthereumDexContract [http-nio-8080-exec-4] exception occurred for getBalance order/snipe id =2513E950A50A11EB869AA3AE6254E473, owner=0xF007afdB97c3744762F953C07CD45Dd237663C3F, contractAddress=0x82eb29d3eb0719af341f6b18c0d9d749c0cd16b6, route=PANCAKE, exception=header not found
2021-04-24 11:22:27,367 ERROR com.aitrades.blockchain.eth.gateway.web3j.EthereumDexContract [http-nio-8080-exec-4] exception occurred for getBalance order/snipe id =F5263530A50A11EB869AA3AE6254E473, owner=0xF007afdB97c3744762F953C07CD45Dd237663C3F, contractAddress=0x82eb29d3eb0719af341f6b18c0d9d749c0cd16b6, route=PANCAKE, exception=header not found
2021-04-24 11:22:48,742 ERROR com.aitrades.blockchain.eth.gateway.rest.OrderHistoryController [http-nio-8080-exec-3] validation occured for history request 
2021-04-24 11:22:49,002 ERROR com.aitrades.blockchain.eth.gateway.web3j.EthereumDexContract [http-nio-8080-exec-3] exception occurred for getBalance order/snipe id =2513E950A50A11EB869AA3AE6254E473, owner=0xF007afdB97c3744762F953C07CD45Dd237663C3F, contractAddress=0x82eb29d3eb0719af341f6b18c0d9d749c0cd16b6, route=PANCAKE, exception=header not found
2021-04-24 11:22:49,704 ERROR com.aitrades.blockchain.eth.gateway.web3j.EthereumDexContract [http-nio-8080-exec-3] exception occurred for getBalance order/snipe id =F5263530A50A11EB869AA3AE6254E473, owner=0xF007afdB97c3744762F953C07CD45Dd237663C3F, contractAddress=0x82eb29d3eb0719af341f6b18c0d9d749c0cd16b6, route=PANCAKE, exception=header not found
2021-04-24 11:24:02,117 INFO com.aitrades.blockchain.eth.gateway.rest.SnipeOrderController [http-nio-8080-exec-6] New Order id->
2021-04-24 11:24:02,118 INFO com.aitrades.blockchain.eth.gateway.service.SnipeOrderMutator [http-nio-8080-exec-6] in snipeorder mutator
2021-04-24 11:24:02,142 INFO com.aitrades.blockchain.eth.gateway.service.SnipeOrderProcessor [http-nio-8080-exec-6] in SnipeOrderProcessor mutator
2021-04-24 11:24:03,023 INFO com.aitrades.blockchain.eth.gateway.integration.snipe.SnipeOrderGatewayEndpoint [task-scheduler-10] started processing addSnipeOrderToRabbitMq
2021-04-24 11:24:03,025 INFO com.aitrades.blockchain.eth.gateway.integration.snipe.SnipeOrderGatewayEndpoint [task-scheduler-10] started processing addSnipeOrderToRabbitMq for snipeorder id=19398840A51111EB9331B058266FC993
2021-04-24 11:24:03,025 INFO com.aitrades.blockchain.eth.gateway.integration.snipe.SnipeOrderGatewayEndpoint [task-scheduler-10] Sending order to snipe downstreams id=19398840A51111EB9331B058266FC993
2021-04-24 11:24:03,025 INFO com.aitrades.blockchain.eth.gateway.integration.snipe.SnipeOrderGatewayEndpoint [task-scheduler-10] started processing sendOrderToSnipe
2021-04-24 11:24:03,119 INFO com.aitrades.blockchain.eth.gateway.mq.RabbitMQSnipeOrderSender [task-scheduler-10] sniperorder sent to queue succesfully
2021-04-24 11:24:03,328 ERROR com.aitrades.blockchain.eth.gateway.rest.OrderHistoryController [http-nio-8080-exec-7] validation occured for history request 
2021-04-24 11:24:04,146 ERROR com.aitrades.blockchain.eth.gateway.web3j.EthereumDexContract [http-nio-8080-exec-7] exception occurred for getBalance order/snipe id =2513E950A50A11EB869AA3AE6254E473, owner=0xF007afdB97c3744762F953C07CD45Dd237663C3F, contractAddress=0x82eb29d3eb0719af341f6b18c0d9d749c0cd16b6, route=PANCAKE, exception=header not found
2021-04-24 11:24:04,374 ERROR com.aitrades.blockchain.eth.gateway.web3j.EthereumDexContract [http-nio-8080-exec-7] exception occurred for getBalance order/snipe id =F5263530A50A11EB869AA3AE6254E473, owner=0xF007afdB97c3744762F953C07CD45Dd237663C3F, contractAddress=0x82eb29d3eb0719af341f6b18c0d9d749c0cd16b6, route=PANCAKE, exception=header not found
2021-04-24 11:24:08,586 ERROR com.aitrades.blockchain.eth.gateway.rest.OrderHistoryController [http-nio-8080-exec-8] validation occured for history request 
2021-04-24 11:24:09,309 ERROR com.aitrades.blockchain.eth.gateway.web3j.EthereumDexContract [http-nio-8080-exec-8] exception occurred for getBalance order/snipe id =2513E950A50A11EB869AA3AE6254E473, owner=0xF007afdB97c3744762F953C07CD45Dd237663C3F, contractAddress=0x82eb29d3eb0719af341f6b18c0d9d749c0cd16b6, route=PANCAKE, exception=header not found
2021-04-24 11:24:09,567 ERROR com.aitrades.blockchain.eth.gateway.web3j.EthereumDexContract [http-nio-8080-exec-8] exception occurred for getBalance order/snipe id =F5263530A50A11EB869AA3AE6254E473, owner=0xF007afdB97c3744762F953C07CD45Dd237663C3F, contractAddress=0x82eb29d3eb0719af341f6b18c0d9d749c0cd16b6, route=PANCAKE, exception=header not found
2021-04-24 11:24:11,314 ERROR com.aitrades.blockchain.eth.gateway.rest.OrderHistoryController [http-nio-8080-exec-9] validation occured for history request 
2021-04-24 11:24:12,130 ERROR com.aitrades.blockchain.eth.gateway.web3j.EthereumDexContract [http-nio-8080-exec-9] exception occurred for getBalance order/snipe id =2513E950A50A11EB869AA3AE6254E473, owner=0xF007afdB97c3744762F953C07CD45Dd237663C3F, contractAddress=0x82eb29d3eb0719af341f6b18c0d9d749c0cd16b6, route=PANCAKE, exception=header not found
2021-04-24 11:24:12,350 ERROR com.aitrades.blockchain.eth.gateway.web3j.EthereumDexContract [http-nio-8080-exec-9] exception occurred for getBalance order/snipe id =F5263530A50A11EB869AA3AE6254E473, owner=0xF007afdB97c3744762F953C07CD45Dd237663C3F, contractAddress=0x82eb29d3eb0719af341f6b18c0d9d749c0cd16b6, route=PANCAKE, exception=header not found
2021-04-24 11:24:36,942 ERROR com.aitrades.blockchain.eth.gateway.rest.OrderHistoryController [http-nio-8080-exec-10] validation occured for history request 
2021-04-24 11:24:37,154 ERROR com.aitrades.blockchain.eth.gateway.web3j.EthereumDexContract [http-nio-8080-exec-10] exception occurred for getBalance order/snipe id =2513E950A50A11EB869AA3AE6254E473, owner=0xF007afdB97c3744762F953C07CD45Dd237663C3F, contractAddress=0x82eb29d3eb0719af341f6b18c0d9d749c0cd16b6, route=PANCAKE, exception=header not found
2021-04-24 11:24:37,282 ERROR com.aitrades.blockchain.eth.gateway.web3j.EthereumDexContract [http-nio-8080-exec-10] exception occurred for getBalance order/snipe id =F5263530A50A11EB869AA3AE6254E473, owner=0xF007afdB97c3744762F953C07CD45Dd237663C3F, contractAddress=0x82eb29d3eb0719af341f6b18c0d9d749c0cd16b6, route=PANCAKE, exception=header not found
2021-04-24 11:24:39,021 ERROR com.aitrades.blockchain.eth.gateway.rest.OrderHistoryController [http-nio-8080-exec-1] validation occured for history request 
2021-04-24 11:24:39,508 ERROR com.aitrades.blockchain.eth.gateway.web3j.EthereumDexContract [http-nio-8080-exec-1] exception occurred for getBalance order/snipe id =2513E950A50A11EB869AA3AE6254E473, owner=0xF007afdB97c3744762F953C07CD45Dd237663C3F, contractAddress=0x82eb29d3eb0719af341f6b18c0d9d749c0cd16b6, route=PANCAKE, exception=header not found
2021-04-24 11:24:39,785 ERROR com.aitrades.blockchain.eth.gateway.web3j.EthereumDexContract [http-nio-8080-exec-1] exception occurred for getBalance order/snipe id =F5263530A50A11EB869AA3AE6254E473, owner=0xF007afdB97c3744762F953C07CD45Dd237663C3F, contractAddress=0x82eb29d3eb0719af341f6b18c0d9d749c0cd16b6, route=PANCAKE, exception=header not found
2021-04-24 15:23:20,885 INFO com.aitrades.blockchain.eth.gateway.Application [main] Starting Application using Java 11.0.10 on JayMSI with PID 1620 (C:\Users\jay\Desktop\Sreelekha_Documents\New folder\com.blockchain.bot\com.aitrades.blockchain.eth.gateway\target\classes started by jay in C:\Users\jay\Desktop\Sreelekha_Documents\New folder\com.blockchain.bot\com.aitrades.blockchain.eth.gateway)
2021-04-24 15:23:20,891 DEBUG com.aitrades.blockchain.eth.gateway.Application [main] Running with Spring Boot v2.4.2, Spring v5.3.3
2021-04-24 15:23:20,891 INFO com.aitrades.blockchain.eth.gateway.Application [main] No active profile set, falling back to default profiles: default
2021-04-24 15:23:26,503 INFO com.aitrades.blockchain.eth.gateway.Application [main] Started Application in 5.961 seconds (JVM running for 7.32)
2021-04-24 15:24:30,909 INFO com.aitrades.blockchain.eth.gateway.rest.SnipeOrderController [http-nio-8080-exec-1] New Order id->
2021-04-24 15:24:30,914 INFO com.aitrades.blockchain.eth.gateway.service.SnipeOrderMutator [http-nio-8080-exec-1] in snipeorder mutator
2021-04-24 15:24:31,148 INFO com.aitrades.blockchain.eth.gateway.service.SnipeOrderProcessor [http-nio-8080-exec-1] in SnipeOrderProcessor mutator
2021-04-24 15:24:32,296 ERROR com.aitrades.blockchain.eth.gateway.rest.OrderHistoryController [http-nio-8080-exec-3] validation occured for history request 
2021-04-24 15:24:32,489 INFO com.aitrades.blockchain.eth.gateway.integration.snipe.SnipeOrderGatewayEndpoint [task-scheduler-2] started processing addSnipeOrderToRabbitMq
2021-04-24 15:24:32,490 INFO com.aitrades.blockchain.eth.gateway.integration.snipe.SnipeOrderGatewayEndpoint [task-scheduler-2] started processing addSnipeOrderToRabbitMq for snipeorder id=B17450B0A53211EBB14608C24FD1DDCE
2021-04-24 15:24:32,490 INFO com.aitrades.blockchain.eth.gateway.integration.snipe.SnipeOrderGatewayEndpoint [task-scheduler-2] Sending order to snipe downstreams id=B17450B0A53211EBB14608C24FD1DDCE
2021-04-24 15:24:32,490 INFO com.aitrades.blockchain.eth.gateway.integration.snipe.SnipeOrderGatewayEndpoint [task-scheduler-2] started processing sendOrderToSnipe
2021-04-24 15:24:32,579 INFO com.aitrades.blockchain.eth.gateway.mq.RabbitMQSnipeOrderSender [task-scheduler-2] sniperorder sent to queue succesfully
2021-04-24 15:24:32,647 ERROR com.aitrades.blockchain.eth.gateway.web3j.EthereumDexContract [http-nio-8080-exec-3] exception occurred for getBalance order/snipe id =2513E950A50A11EB869AA3AE6254E473, owner=0xF007afdB97c3744762F953C07CD45Dd237663C3F, contractAddress=0x82eb29d3eb0719af341f6b18c0d9d749c0cd16b6, route=PANCAKE, exception=header not found
2021-04-24 15:24:32,810 ERROR com.aitrades.blockchain.eth.gateway.web3j.EthereumDexContract [http-nio-8080-exec-3] exception occurred for getBalance order/snipe id =F5263530A50A11EB869AA3AE6254E473, owner=0xF007afdB97c3744762F953C07CD45Dd237663C3F, contractAddress=0x82eb29d3eb0719af341f6b18c0d9d749c0cd16b6, route=PANCAKE, exception=header not found
2021-04-24 15:24:32,939 ERROR com.aitrades.blockchain.eth.gateway.web3j.EthereumDexContract [http-nio-8080-exec-3] exception occurred for getBalance order/snipe id =19398840A51111EB9331B058266FC993, owner=0xF007afdB97c3744762F953C07CD45Dd237663C3F, contractAddress=0xbcb24afb019be7e93ea9c43b7e22bb55d5b7f45d, route=PANCAKE, exception=header not found
2021-04-24 15:24:39,628 ERROR com.aitrades.blockchain.eth.gateway.rest.OrderHistoryController [http-nio-8080-exec-7] validation occured for history request 
2021-04-24 15:24:39,809 ERROR com.aitrades.blockchain.eth.gateway.web3j.EthereumDexContract [http-nio-8080-exec-7] exception occurred for getBalance order/snipe id =2513E950A50A11EB869AA3AE6254E473, owner=0xF007afdB97c3744762F953C07CD45Dd237663C3F, contractAddress=0x82eb29d3eb0719af341f6b18c0d9d749c0cd16b6, route=PANCAKE, exception=header not found
2021-04-24 15:24:40,231 ERROR com.aitrades.blockchain.eth.gateway.web3j.EthereumDexContract [http-nio-8080-exec-7] exception occurred for getBalance order/snipe id =F5263530A50A11EB869AA3AE6254E473, owner=0xF007afdB97c3744762F953C07CD45Dd237663C3F, contractAddress=0x82eb29d3eb0719af341f6b18c0d9d749c0cd16b6, route=PANCAKE, exception=header not found
2021-04-24 15:24:40,348 ERROR com.aitrades.blockchain.eth.gateway.web3j.EthereumDexContract [http-nio-8080-exec-7] exception occurred for getBalance order/snipe id =19398840A51111EB9331B058266FC993, owner=0xF007afdB97c3744762F953C07CD45Dd237663C3F, contractAddress=0xbcb24afb019be7e93ea9c43b7e22bb55d5b7f45d, route=PANCAKE, exception=header not found
2021-04-24 15:24:57,057 ERROR com.aitrades.blockchain.eth.gateway.rest.OrderHistoryController [http-nio-8080-exec-4] validation occured for history request 
2021-04-24 15:25:51,635 INFO com.aitrades.blockchain.eth.gateway.rest.SnipeOrderController [http-nio-8080-exec-2] New Order id->
2021-04-24 15:25:51,636 INFO com.aitrades.blockchain.eth.gateway.service.SnipeOrderMutator [http-nio-8080-exec-2] in snipeorder mutator
2021-04-24 15:25:51,663 INFO com.aitrades.blockchain.eth.gateway.service.SnipeOrderProcessor [http-nio-8080-exec-2] in SnipeOrderProcessor mutator
2021-04-24 15:25:52,683 ERROR com.aitrades.blockchain.eth.gateway.rest.OrderHistoryController [http-nio-8080-exec-6] validation occured for history request 
2021-04-24 15:25:52,749 INFO com.aitrades.blockchain.eth.gateway.integration.snipe.SnipeOrderGatewayEndpoint [task-scheduler-3] started processing addSnipeOrderToRabbitMq
2021-04-24 15:25:52,750 INFO com.aitrades.blockchain.eth.gateway.integration.snipe.SnipeOrderGatewayEndpoint [task-scheduler-3] started processing addSnipeOrderToRabbitMq for snipeorder id=E1926E30A53211EBB14608C24FD1DDCE
2021-04-24 15:25:52,750 INFO com.aitrades.blockchain.eth.gateway.integration.snipe.SnipeOrderGatewayEndpoint [task-scheduler-3] Sending order to snipe downstreams id=E1926E30A53211EBB14608C24FD1DDCE
2021-04-24 15:25:52,750 INFO com.aitrades.blockchain.eth.gateway.integration.snipe.SnipeOrderGatewayEndpoint [task-scheduler-3] started processing sendOrderToSnipe
2021-04-24 15:25:52,753 INFO com.aitrades.blockchain.eth.gateway.mq.RabbitMQSnipeOrderSender [task-scheduler-3] sniperorder sent to queue succesfully
2021-04-24 15:25:56,284 ERROR com.aitrades.blockchain.eth.gateway.rest.OrderHistoryController [http-nio-8080-exec-9] validation occured for history request 
2021-04-24 15:25:58,780 ERROR com.aitrades.blockchain.eth.gateway.rest.OrderHistoryController [http-nio-8080-exec-5] validation occured for history request 
2021-04-24 15:26:03,124 ERROR com.aitrades.blockchain.eth.gateway.rest.OrderHistoryController [http-nio-8080-exec-10] validation occured for history request 
2021-04-24 15:26:06,669 ERROR com.aitrades.blockchain.eth.gateway.rest.OrderHistoryController [http-nio-8080-exec-1] validation occured for history request 
2021-04-24 15:26:32,969 ERROR com.aitrades.blockchain.eth.gateway.rest.OrderHistoryController [http-nio-8080-exec-3] validation occured for history request 
2021-04-24 15:26:58,524 ERROR com.aitrades.blockchain.eth.gateway.rest.OrderHistoryController [http-nio-8080-exec-8] validation occured for history request 
2021-04-24 15:55:58,067 INFO com.aitrades.blockchain.eth.gateway.CustomWebSocketClient [WebSocketConnectReadThread-45] Reconnecting WebSocket connection to wss://bold-bold-leaf.bsc.quiknode.pro/cf39e2ea6fd28d8e720c5cb0a548fa58cec6debe/, because of disconnection reason: ''.
2021-04-24 16:01:52,112 ERROR com.aitrades.blockchain.eth.gateway.rest.OrderHistoryController [http-nio-8080-exec-6] validation occured for history request 
2021-04-24 16:01:57,545 ERROR com.aitrades.blockchain.eth.gateway.web3j.EthereumDexContract [http-nio-8080-exec-6] exception occurred for getBalance order/snipe id =E1926E30A53211EBB14608C24FD1DDCE, owner=0xF007afdB97c3744762F953C07CD45Dd237663C3F, contractAddress=0x103537eb684d8e5c96e0890a92ab7aaed84acd2a, route=PANCAKE, exception=header not found
2021-04-24 16:02:02,695 INFO com.aitrades.blockchain.eth.gateway.rest.OrderController [http-nio-8080-exec-9] in create order=com.aitrades.blockchain.eth.gateway.domain.Order@2da81661[id=EF9FE570A53711EBB14608C24FD1DDCE,route=PANCAKE,walletInfo=com.aitrades.blockchain.eth.gateway.domain.WalletInfo@264c6920[publicKey=0xF007afdB97c3744762F953C07CD45Dd237663C3F,privateKey=1e8f380ef0c2e2d950c2c256329b3a505fa9d46a74a5dc140607c24474486f04],from=com.aitrades.blockchain.eth.gateway.domain.TickerEntity@17404929[ticker=com.aitrades.blockchain.eth.gateway.domain.Ticker@3e3c500e[symbol=<null>,address=0x103537eb684d8e5c96e0890a92ab7aaed84acd2a,decimals=<null>,addionalProperties=<null>],amount=61019,amountAsBigInteger=61019000000000000000000,amountAsBigDecimal=61019.00,addionalProperties=<null>],to=com.aitrades.blockchain.eth.gateway.domain.TickerEntity@2ca2bbd5[ticker=com.aitrades.blockchain.eth.gateway.domain.Ticker@7f0868ce[symbol=<null>,address=0xc02aaa39b223fe8d0a0e5c4f27ead9083c756cc2,decimals=<null>,addionalProperties=<null>],amount=<null>,amountAsBigInteger=<null>,amountAsBigDecimal=<null>,addionalProperties=<null>],gasMode=CUSTOM,gasPrice=com.aitrades.blockchain.eth.gateway.domain.Gas@6a146f07[mode=<null>,value=10,valueBigInteger=10000000000,valueBigDecimal=<null>,AdditionalProperty=<null>],gasLimit=com.aitrades.blockchain.eth.gateway.domain.Gas@3674fe6b[mode=<null>,value=256256,valueBigInteger=256256,valueBigDecimal=<null>,AdditionalProperty=<null>],slippage=com.aitrades.blockchain.eth.gateway.domain.Slipage@fb18763[slipagePercent=15,slipagePercentAsBigInteger=<null>,slipageInBips=0,slipageInBipsInDouble=0.15,slipapagePercentAsBigDecimal=15.00,addionalProperties=<null>],pairData=<null>,orderEntity=com.aitrades.blockchain.eth.gateway.domain.OrderEntity@7a66ed6b[orderSide=SELL,orderState=WORKING,orderType=MARKET,limitOrder=<null>,stopOrder=<null>,stopLimitOrder=<null>,trailingStopOrder=<null>,limitTrailingStop=<null>,addionalProperties=<null>],eventState=<null>,additionalProperty=<null>,orderCode=<null>,approvedHash=<null>,read=<null>,errorMessage=<null>,approveStatusCheck=false,isFee=false,parentSnipeId=<null>,autoSnipeLimitSellTrailPercent=<null>,auditInformation=<null>,publicKey=<null>,swappedHash=<null>,executionPrice=<null>]
2021-04-24 16:02:02,748 ERROR com.aitrades.blockchain.eth.gateway.rest.OrderController [http-nio-8080-exec-9]  order is invalid for create order=com.aitrades.blockchain.eth.gateway.domain.Order@2da81661[id=EF9FE570A53711EBB14608C24FD1DDCE,route=PANCAKE,walletInfo=com.aitrades.blockchain.eth.gateway.domain.WalletInfo@264c6920[publicKey=0xF007afdB97c3744762F953C07CD45Dd237663C3F,privateKey=1e8f380ef0c2e2d950c2c256329b3a505fa9d46a74a5dc140607c24474486f04],from=com.aitrades.blockchain.eth.gateway.domain.TickerEntity@17404929[ticker=com.aitrades.blockchain.eth.gateway.domain.Ticker@3e3c500e[symbol=<null>,address=0x103537eb684d8e5c96e0890a92ab7aaed84acd2a,decimals=<null>,addionalProperties=<null>],amount=61019,amountAsBigInteger=61019000000000000000000,amountAsBigDecimal=61019.00,addionalProperties=<null>],to=com.aitrades.blockchain.eth.gateway.domain.TickerEntity@2ca2bbd5[ticker=com.aitrades.blockchain.eth.gateway.domain.Ticker@7f0868ce[symbol=<null>,address=0xc02aaa39b223fe8d0a0e5c4f27ead9083c756cc2,decimals=<null>,addionalProperties=<null>],amount=<null>,amountAsBigInteger=<null>,amountAsBigDecimal=<null>,addionalProperties=<null>],gasMode=CUSTOM,gasPrice=com.aitrades.blockchain.eth.gateway.domain.Gas@6a146f07[mode=<null>,value=10,valueBigInteger=10000000000,valueBigDecimal=<null>,AdditionalProperty=<null>],gasLimit=com.aitrades.blockchain.eth.gateway.domain.Gas@3674fe6b[mode=<null>,value=256256,valueBigInteger=256256,valueBigDecimal=<null>,AdditionalProperty=<null>],slippage=com.aitrades.blockchain.eth.gateway.domain.Slipage@fb18763[slipagePercent=15,slipagePercentAsBigInteger=<null>,slipageInBips=0,slipageInBipsInDouble=0.15,slipapagePercentAsBigDecimal=15.00,addionalProperties=<null>],pairData=<null>,orderEntity=com.aitrades.blockchain.eth.gateway.domain.OrderEntity@7a66ed6b[orderSide=SELL,orderState=WORKING,orderType=MARKET,limitOrder=<null>,stopOrder=<null>,stopLimitOrder=<null>,trailingStopOrder=<null>,limitTrailingStop=<null>,addionalProperties=<null>],eventState=<null>,additionalProperty=<null>,orderCode=<null>,approvedHash=<null>,read=<null>,errorMessage=<null>,approveStatusCheck=false,isFee=false,parentSnipeId=<null>,autoSnipeLimitSellTrailPercent=<null>,auditInformation=<null>,publicKey=<null>,swappedHash=<null>,executionPrice=<null>], validation message=com.aitrades.blockchain.eth.gateway.validator.RestExceptionMessage@855ef90
2021-04-24 16:02:04,333 ERROR com.aitrades.blockchain.eth.gateway.rest.OrderHistoryController [http-nio-8080-exec-5] validation occured for history request 
2021-04-24 16:02:04,841 ERROR com.aitrades.blockchain.eth.gateway.web3j.EthereumDexContract [http-nio-8080-exec-5] exception occurred for getBalance order/snipe id =E1926E30A53211EBB14608C24FD1DDCE, owner=0xF007afdB97c3744762F953C07CD45Dd237663C3F, contractAddress=0x103537eb684d8e5c96e0890a92ab7aaed84acd2a, route=PANCAKE, exception=header not found
2021-04-24 16:06:01,984 INFO com.aitrades.blockchain.eth.gateway.CustomWebSocketClient [WebSocketConnectReadThread-85] Reconnecting WebSocket connection to wss://bold-bold-leaf.bsc.quiknode.pro/cf39e2ea6fd28d8e720c5cb0a548fa58cec6debe/, because of disconnection reason: ''.
